<?xml version="1.0" encoding="UTF-8"?>
<!-- Generated by org.testng.reporters.JUnitXMLReporter -->
<testsuite hostname="TT0022324" ignored="0" name="Test" tests="2" failures="2" timestamp="2020-06-29T22:49:42 EET" time="214.712" errors="0">
  <testcase name="goAccount" time="185.69" classname="hepsiburada.DemoHomework.Homepage">
    <failure type="java.lang.AssertionError" message="expected [https://www.hepsiburada.com/uyelik/giris?ReturnUrl=%2F] but found [https://giris.hepsiburada.com/?ReturnUrl=https%3A%2F%2Foauth.hepsiburada.com%2Fconnect%2Fauthorize%2Fcallback%3Fclient_id%3DSPA%26redirect_uri%3Dhttps%253A%252F%252Fwww.hepsiburada.com%252Fuyelik%252Fcallback%26response_type%3Dcode%26scope%3Dopenid%2520profile%2520api1%26state%3D88920bb7f2de4bf4b206458b480e3dc0%26code_challenge%3DHCs09CQuszuNJ709LviqnNp7OP32NFwt4PaeFwjNxck%26code_challenge_method%3DS256%26response_mode%3Dquery]">
      <![CDATA[java.lang.AssertionError: expected [https://www.hepsiburada.com/uyelik/giris?ReturnUrl=%2F] but found [https://giris.hepsiburada.com/?ReturnUrl=https%3A%2F%2Foauth.hepsiburada.com%2Fconnect%2Fauthorize%2Fcallback%3Fclient_id%3DSPA%26redirect_uri%3Dhttps%253A%252F%252Fwww.hepsiburada.com%252Fuyelik%252Fcallback%26response_type%3Dcode%26scope%3Dopenid%2520profile%2520api1%26state%3D88920bb7f2de4bf4b206458b480e3dc0%26code_challenge%3DHCs09CQuszuNJ709LviqnNp7OP32NFwt4PaeFwjNxck%26code_challenge_method%3DS256%26response_mode%3Dquery]
at hepsiburada.DemoHomework.Homepage.goAccount(Homepage.java:36)
at java.util.ArrayList.forEach(Unknown Source)
... Removed 32 stack frames]]>
    </failure>
  </testcase> <!-- goAccount -->
  <testcase name="goAccount" time="199.843" classname="hepsiburada.DemoHomework.Homepage">
    <failure type="java.lang.NullPointerException">
      <![CDATA[java.lang.NullPointerException
at hepsiburada.DemoHomework.Base.getScreenShotPath(Base.java:56)
at hepsiburada.DemoHomework.Listeners.onTestFailure(Listeners.java:49)
at java.util.ArrayList.forEach(Unknown Source)
... Removed 24 stack frames]]>
    </failure>
  </testcase> <!-- goAccount -->
</testsuite> <!-- Test -->
